<?xml version="1.0" encoding="UTF-8"?>
<!-- Generated by org.testng.reporters.JUnitReportReporter -->
<testsuite hostname="DESKTOP-RP4O6K0" failures="0" tests="1" name="Testrunner.Run" time="20.974" errors="0" timestamp="2023-12-10T11:39:45 IST" skipped="0">
  <testcase classname="Testrunner.Run" name="runScenario" time="20.974"/>
</testsuite> <!-- Testrunner.Run -->
